<?xml version="1.0" encoding="UTF-8"?>
<!-- Generated by org.testng.reporters.JUnitXMLReporter -->
<testsuite ignored="0" hostname="DESKTOP-BETEQL8" failures="0" tests="5" name="Default test" time="238.884" errors="0" timestamp="2024-02-01T07:06:55 EET">
  <testcase classname="AlmosaferWeb.Omar" name="CheckTheDefualtlanguageIsEnglish" time="0.547"/>
  <testcase classname="AlmosaferWeb.Omar" name="CheckTheDefualtCurrencyIsSAR" time="0.054"/>
  <testcase classname="AlmosaferWeb.Omar" name="CheckContactNumber" time="0.043"/>
  <testcase classname="AlmosaferWeb.Omar" name="CheckQitafLogo" time="0.064"/>
  <testcase classname="AlmosaferWeb.Omar" name="CheckHotelTabIsNotSelectedByDefualt" time="0.045"/>
</testsuite> <!-- Default test -->
