<?xml version="1.0" encoding="UTF-8"?>
<!-- Generated by org.testng.reporters.JUnitXMLReporter -->
<testsuite ignored="0" hostname="DESKTOP-BETEQL8" failures="0" tests="8" name="Default test" time="14.659" errors="0" timestamp="2024-02-02T06:42:56 EET">
  <testcase classname="AlmosaferWeb.Omar" name="CheckTheDefualtlanguageIsEnglish" time="0.057"/>
  <testcase classname="AlmosaferWeb.Omar" name="CheckTheDefualtCurrencyIsSAR" time="0.044"/>
  <testcase classname="AlmosaferWeb.Omar" name="CheckContactNumber" time="0.037"/>
  <testcase classname="AlmosaferWeb.Omar" name="CheckQitafLogo" time="0.084"/>
  <testcase classname="AlmosaferWeb.Omar" name="CheckHotelTabIsNotSelectedByDefualt" time="0.05"/>
  <testcase classname="AlmosaferWeb.Omar" name="CheckDepatureDateAndReturnDate" time="0.258"/>
  <testcase classname="AlmosaferWeb.Omar" name="RandomMethodToChangeTheLanguage" time="2.813"/>
  <testcase classname="AlmosaferWeb.Omar" name="switchToHotelTab" time="0.612"/>
</testsuite> <!-- Default test -->
